{"name":"hexo","hostname":"Mr-Li","pid":16080,"level":20,"msg":"Writing database to F:\\hexo/db.json","time":"2020-04-15T07:05:21.617Z","v":0}
{"name":"hexo","hostname":"Mr-Li","pid":16080,"level":20,"msg":"Hexo version: \u001b[35m4.2.0\u001b[39m","time":"2020-04-15T07:05:21.714Z","v":0}
{"name":"hexo","hostname":"Mr-Li","pid":16080,"level":20,"msg":"Working directory: \u001b[35mF:\\hexo\\\u001b[39m","time":"2020-04-15T07:05:21.741Z","v":0}
{"name":"hexo","hostname":"Mr-Li","pid":16080,"level":20,"msg":"Config loaded: \u001b[35mF:\\hexo\\_config.yml\u001b[39m","time":"2020-04-15T07:05:21.906Z","v":0}
{"name":"hexo","hostname":"Mr-Li","pid":16080,"level":20,"msg":"Plugin loaded: \u001b[35mhexo-deployer-git\u001b[39m","time":"2020-04-15T07:05:21.946Z","v":0}
{"name":"hexo","hostname":"Mr-Li","pid":16080,"level":20,"msg":"Plugin loaded: \u001b[35mhexo-generator-archive\u001b[39m","time":"2020-04-15T07:05:21.949Z","v":0}
{"name":"hexo","hostname":"Mr-Li","pid":16080,"level":20,"msg":"Plugin loaded: \u001b[35mhexo-generator-category\u001b[39m","time":"2020-04-15T07:05:21.980Z","v":0}
{"name":"hexo","hostname":"Mr-Li","pid":16080,"level":20,"msg":"Plugin loaded: \u001b[35mhexo-generator-index\u001b[39m","time":"2020-04-15T07:05:22.016Z","v":0}
{"name":"hexo","hostname":"Mr-Li","pid":16080,"level":20,"msg":"Plugin loaded: \u001b[35mhexo-generator-json-content\u001b[39m","time":"2020-04-15T07:05:22.107Z","v":0}
{"name":"hexo","hostname":"Mr-Li","pid":16080,"level":20,"msg":"Plugin loaded: \u001b[35mhexo-generator-search\u001b[39m","time":"2020-04-15T07:05:22.112Z","v":0}
{"name":"hexo","hostname":"Mr-Li","pid":16080,"level":20,"msg":"Plugin loaded: \u001b[35mhexo-generator-tag\u001b[39m","time":"2020-04-15T07:05:22.145Z","v":0}
{"name":"hexo","hostname":"Mr-Li","pid":16080,"level":20,"msg":"Plugin loaded: \u001b[35mhexo-related-popular-posts\u001b[39m","time":"2020-04-15T07:05:22.329Z","v":0}
{"name":"hexo","hostname":"Mr-Li","pid":16080,"level":20,"msg":"Plugin loaded: \u001b[35mhexo-renderer-ejs\u001b[39m","time":"2020-04-15T07:05:22.334Z","v":0}
{"name":"hexo","hostname":"Mr-Li","pid":16080,"level":20,"msg":"Plugin loaded: \u001b[35mhexo-renderer-marked\u001b[39m","time":"2020-04-15T07:05:22.387Z","v":0}
{"name":"hexo","hostname":"Mr-Li","pid":16080,"level":20,"msg":"Plugin loaded: \u001b[35mhexo-renderer-stylus\u001b[39m","time":"2020-04-15T07:05:22.505Z","v":0}
{"name":"hexo","hostname":"Mr-Li","pid":16080,"level":20,"msg":"Plugin loaded: \u001b[35mhexo-server\u001b[39m","time":"2020-04-15T07:05:22.598Z","v":0}
{"name":"hexo","hostname":"Mr-Li","pid":16080,"level":20,"msg":"Plugin loaded: \u001b[35mhexo-wordcount\u001b[39m","time":"2020-04-15T07:05:22.599Z","v":0}
{"name":"hexo","hostname":"Mr-Li","pid":16080,"level":20,"msg":"Plugin loaded: \u001b[35mhexo-offline\u001b[39m","time":"2020-04-15T07:05:22.628Z","v":0}
{"name":"hexo","hostname":"Mr-Li","pid":16080,"level":20,"msg":"Script loaded: \u001b[35mthemes\\volantis\\scripts\\events\\index.js\u001b[39m","time":"2020-04-15T07:05:22.648Z","v":0}
{"name":"hexo","hostname":"Mr-Li","pid":16080,"level":20,"msg":"Script loaded: \u001b[35mthemes\\volantis\\scripts\\events\\lib\\config.js\u001b[39m","time":"2020-04-15T07:05:22.690Z","v":0}
{"name":"hexo","hostname":"Mr-Li","pid":16080,"level":20,"msg":"Script loaded: \u001b[35mthemes\\volantis\\scripts\\tags\\btn.js\u001b[39m","time":"2020-04-15T07:05:22.691Z","v":0}
{"name":"hexo","hostname":"Mr-Li","pid":16080,"level":20,"msg":"Script loaded: \u001b[35mthemes\\volantis\\scripts\\tags\\btns.js\u001b[39m","time":"2020-04-15T07:05:22.692Z","v":0}
{"name":"hexo","hostname":"Mr-Li","pid":16080,"level":20,"msg":"Script loaded: \u001b[35mthemes\\volantis\\scripts\\tags\\checkbox.js\u001b[39m","time":"2020-04-15T07:05:22.693Z","v":0}
{"name":"hexo","hostname":"Mr-Li","pid":16080,"level":20,"msg":"Script loaded: \u001b[35mthemes\\volantis\\scripts\\tags\\dropmenu.js\u001b[39m","time":"2020-04-15T07:05:22.766Z","v":0}
{"name":"hexo","hostname":"Mr-Li","pid":16080,"level":20,"msg":"Script loaded: \u001b[35mthemes\\volantis\\scripts\\tags\\fancybox.js\u001b[39m","time":"2020-04-15T07:05:22.844Z","v":0}
{"name":"hexo","hostname":"Mr-Li","pid":16080,"level":20,"msg":"Script loaded: \u001b[35mthemes\\volantis\\scripts\\tags\\image.js\u001b[39m","time":"2020-04-15T07:05:22.887Z","v":0}
{"name":"hexo","hostname":"Mr-Li","pid":16080,"level":20,"msg":"Script loaded: \u001b[35mthemes\\volantis\\scripts\\tags\\folding.js\u001b[39m","time":"2020-04-15T07:05:22.889Z","v":0}
{"name":"hexo","hostname":"Mr-Li","pid":16080,"level":20,"msg":"Script loaded: \u001b[35mthemes\\volantis\\scripts\\tags\\media.js\u001b[39m","time":"2020-04-15T07:05:22.890Z","v":0}
{"name":"hexo","hostname":"Mr-Li","pid":16080,"level":20,"msg":"Script loaded: \u001b[35mthemes\\volantis\\scripts\\tags\\note.js\u001b[39m","time":"2020-04-15T07:05:22.890Z","v":0}
{"name":"hexo","hostname":"Mr-Li","pid":16080,"level":20,"msg":"Script loaded: \u001b[35mthemes\\volantis\\scripts\\tags\\span.js\u001b[39m","time":"2020-04-15T07:05:22.891Z","v":0}
{"name":"hexo","hostname":"Mr-Li","pid":16080,"level":20,"msg":"Script loaded: \u001b[35mthemes\\volantis\\scripts\\tags\\tabs.js\u001b[39m","time":"2020-04-15T07:05:22.892Z","v":0}
